<?xml version="1.0" encoding="UTF-8"?>
<testsuite xmlns:xsi="http://www.w3.org/2001/XMLSchema-instance" xsi:noNamespaceSchemaLocation="https://maven.apache.org/surefire/maven-surefire-plugin/xsd/surefire-test-report-3.0.xsd" version="3.0" name="com.example.petstore.api.PetStoreApiTest" time="15.58" tests="2" errors="0" skipped="0" failures="0">
  <properties>
[...]
</properties>
  <testcase name="testUpdatePet" classname="com.example.petstore.api.PetStoreApiTest" time="5.52">
    <system-out><![CDATA[Created pet with ID: 9223372036854775807
Deleted pet with ID: 9223372036854775807
]]></system-out>
  </testcase>
  <testcase name="testGetPetById" classname="com.example.petstore.api.PetStoreApiTest" time="10.027">
    <system-out><![CDATA[Created pet with ID: 9223372036854775807
Deleted pet with ID: 9223372036854775807
]]></system-out>
  </testcase>
</testsuite>